<?xml version="1.0" encoding="UTF-8"?>
<testsuite xmlns:xsi="http://www.w3.org/2001/XMLSchema-instance" xsi:noNamespaceSchemaLocation="https://maven.apache.org/surefire/maven-surefire-plugin/xsd/surefire-test-report.xsd" name="org.springframework.boot.context.properties.bind.test.PackagePrivateBeanBindingTests" time="0.001" tests="1" errors="0" skipped="0" failures="0">
  <properties>
    <property name="gopherProxySet" value="false"/>
    <property name="awt.toolkit" value="sun.lwawt.macosx.LWCToolkit"/>
    <property name="file.encoding.pkg" value="sun.io"/>
    <property name="java.specification.version" value="1.8"/>
    <property name="sun.cpu.isalist" value=""/>
    <property name="sun.jnu.encoding" value="UTF-8"/>
    <property name="java.class.path" value="/Users/SetsunaYang/Documents/learning/boot/spring-boot-project/spring-boot/target/test-classes:/Users/SetsunaYang/Documents/learning/boot/spring-boot-project/spring-boot/target/classes:/Users/SetsunaYang/.m2/repository/org/springframework/spring-core/5.1.2.RELEASE/spring-core-5.1.2.RELEASE.jar:/Users/SetsunaYang/.m2/repository/org/springframework/spring-jcl/5.1.2.RELEASE/spring-jcl-5.1.2.RELEASE.jar:/Users/SetsunaYang/.m2/repository/org/springframework/spring-context/5.1.2.RELEASE/spring-context-5.1.2.RELEASE.jar:/Users/SetsunaYang/.m2/repository/org/springframework/spring-aop/5.1.2.RELEASE/spring-aop-5.1.2.RELEASE.jar:/Users/SetsunaYang/.m2/repository/org/springframework/spring-beans/5.1.2.RELEASE/spring-beans-5.1.2.RELEASE.jar:/Users/SetsunaYang/.m2/repository/org/springframework/spring-expression/5.1.2.RELEASE/spring-expression-5.1.2.RELEASE.jar:/Users/SetsunaYang/.m2/repository/ch/qos/logback/logback-classic/1.2.3/logback-classic-1.2.3.jar:/Users/SetsunaYang/.m2/repository/ch/qos/logback/logback-core/1.2.3/logback-core-1.2.3.jar:/Users/SetsunaYang/.m2/repository/com/atomikos/transactions-jdbc/4.0.6/transactions-jdbc-4.0.6.jar:/Users/SetsunaYang/.m2/repository/com/atomikos/transactions-jms/4.0.6/transactions-jms-4.0.6.jar:/Users/SetsunaYang/.m2/repository/com/atomikos/transactions-jta/4.0.6/transactions-jta-4.0.6.jar:/Users/SetsunaYang/.m2/repository/com/atomikos/transactions-api/4.0.6/transactions-api-4.0.6.jar:/Users/SetsunaYang/.m2/repository/com/atomikos/transactions/4.0.6/transactions-4.0.6.jar:/Users/SetsunaYang/.m2/repository/com/atomikos/atomikos-util/4.0.6/atomikos-util-4.0.6.jar:/Users/SetsunaYang/.m2/repository/com/fasterxml/jackson/core/jackson-databind/2.9.7/jackson-databind-2.9.7.jar:/Users/SetsunaYang/.m2/repository/com/fasterxml/jackson/core/jackson-annotations/2.9.0/jackson-annotations-2.9.0.jar:/Users/SetsunaYang/.m2/repository/com/fasterxml/jackson/core/jackson-core/2.9.7/jackson-core-2.9.7.jar:/Users/SetsunaYang/.m2/repository/com/google/code/gson/gson/2.8.5/gson-2.8.5.jar:/Users/SetsunaYang/.m2/repository/com/samskivert/jmustache/1.14/jmustache-1.14.jar:/Users/SetsunaYang/.m2/repository/com/sendgrid/sendgrid-java/4.3.0/sendgrid-java-4.3.0.jar:/Users/SetsunaYang/.m2/repository/com/sendgrid/java-http-client/4.1.0/java-http-client-4.1.0.jar:/Users/SetsunaYang/.m2/repository/com/zaxxer/HikariCP/3.2.0/HikariCP-3.2.0.jar:/Users/SetsunaYang/.m2/repository/io/projectreactor/netty/reactor-netty/0.8.2.RELEASE/reactor-netty-0.8.2.RELEASE.jar:/Users/SetsunaYang/.m2/repository/io/netty/netty-codec-http/4.1.29.Final/netty-codec-http-4.1.29.Final.jar:/Users/SetsunaYang/.m2/repository/io/netty/netty-codec/4.1.29.Final/netty-codec-4.1.29.Final.jar:/Users/SetsunaYang/.m2/repository/io/netty/netty-codec-http2/4.1.29.Final/netty-codec-http2-4.1.29.Final.jar:/Users/SetsunaYang/.m2/repository/io/netty/netty-handler/4.1.29.Final/netty-handler-4.1.29.Final.jar:/Users/SetsunaYang/.m2/repository/io/netty/netty-buffer/4.1.29.Final/netty-buffer-4.1.29.Final.jar:/Users/SetsunaYang/.m2/repository/io/netty/netty-transport/4.1.29.Final/netty-transport-4.1.29.Final.jar:/Users/SetsunaYang/.m2/repository/io/netty/netty-resolver/4.1.29.Final/netty-resolver-4.1.29.Final.jar:/Users/SetsunaYang/.m2/repository/io/netty/netty-handler-proxy/4.1.29.Final/netty-handler-proxy-4.1.29.Final.jar:/Users/SetsunaYang/.m2/repository/io/netty/netty-codec-socks/4.1.29.Final/netty-codec-socks-4.1.29.Final.jar:/Users/SetsunaYang/.m2/repository/io/netty/netty-transport-native-epoll/4.1.29.Final/netty-transport-native-epoll-4.1.29.Final-linux-x86_64.jar:/Users/SetsunaYang/.m2/repository/io/netty/netty-common/4.1.29.Final/netty-common-4.1.29.Final.jar:/Users/SetsunaYang/.m2/repository/io/netty/netty-transport-native-unix-common/4.1.29.Final/netty-transport-native-unix-common-4.1.29.Final.jar:/Users/SetsunaYang/.m2/repository/io/projectreactor/reactor-core/3.2.2.RELEASE/reactor-core-3.2.2.RELEASE.jar:/Users/SetsunaYang/.m2/repository/org/reactivestreams/reactive-streams/1.0.2/reactive-streams-1.0.2.jar:/Users/SetsunaYang/.m2/repository/io/netty/netty-tcnative-boringssl-static/2.0.17.Final/netty-tcnative-boringssl-static-2.0.17.Final.jar:/Users/SetsunaYang/.m2/repository/io/undertow/undertow-servlet/2.0.14.Final/undertow-servlet-2.0.14.Final.jar:/Users/SetsunaYang/.m2/repository/io/undertow/undertow-core/2.0.14.Final/undertow-core-2.0.14.Final.jar:/Users/SetsunaYang/.m2/repository/org/jboss/xnio/xnio-api/3.3.8.Final/xnio-api-3.3.8.Final.jar:/Users/SetsunaYang/.m2/repository/org/jboss/xnio/xnio-nio/3.3.8.Final/xnio-nio-3.3.8.Final.jar:/Users/SetsunaYang/.m2/repository/org/jboss/spec/javax/servlet/jboss-servlet-api_4.0_spec/1.0.0.Final/jboss-servlet-api_4.0_spec-1.0.0.Final.jar:/Users/SetsunaYang/.m2/repository/org/jboss/spec/javax/annotation/jboss-annotations-api_1.2_spec/1.0.2.Final/jboss-annotations-api_1.2_spec-1.0.2.Final.jar:/Users/SetsunaYang/.m2/repository/javax/jms/javax.jms-api/2.0.1/javax.jms-api-2.0.1.jar:/Users/SetsunaYang/.m2/repository/javax/servlet/javax.servlet-api/4.0.1/javax.servlet-api-4.0.1.jar:/Users/SetsunaYang/.m2/repository/junit/junit/4.12/junit-4.12.jar:/Users/SetsunaYang/.m2/repository/org/hamcrest/hamcrest-core/1.3/hamcrest-core-1.3.jar:/Users/SetsunaYang/.m2/repository/org/apache/commons/commons-dbcp2/2.5.0/commons-dbcp2-2.5.0.jar:/Users/SetsunaYang/.m2/repository/org/apache/commons/commons-pool2/2.6.0/commons-pool2-2.6.0.jar:/Users/SetsunaYang/.m2/repository/org/apache/httpcomponents/httpclient/4.5.6/httpclient-4.5.6.jar:/Users/SetsunaYang/.m2/repository/org/apache/httpcomponents/httpcore/4.4.10/httpcore-4.4.10.jar:/Users/SetsunaYang/.m2/repository/commons-codec/commons-codec/1.11/commons-codec-1.11.jar:/Users/SetsunaYang/.m2/repository/org/apache/logging/log4j/log4j-api/2.11.1/log4j-api-2.11.1.jar:/Users/SetsunaYang/.m2/repository/org/apache/logging/log4j/log4j-core/2.11.1/log4j-core-2.11.1.jar:/Users/SetsunaYang/.m2/repository/org/apache/tomcat/embed/tomcat-embed-core/9.0.12/tomcat-embed-core-9.0.12.jar:/Users/SetsunaYang/.m2/repository/org/apache/tomcat/tomcat-annotations-api/9.0.12/tomcat-annotations-api-9.0.12.jar:/Users/SetsunaYang/.m2/repository/org/apache/tomcat/embed/tomcat-embed-jasper/9.0.12/tomcat-embed-jasper-9.0.12.jar:/Users/SetsunaYang/.m2/repository/org/apache/tomcat/embed/tomcat-embed-el/9.0.12/tomcat-embed-el-9.0.12.jar:/Users/SetsunaYang/.m2/repository/org/eclipse/jdt/ecj/3.13.102/ecj-3.13.102.jar:/Users/SetsunaYang/.m2/repository/org/apache/tomcat/tomcat-jdbc/9.0.12/tomcat-jdbc-9.0.12.jar:/Users/SetsunaYang/.m2/repository/org/apache/tomcat/tomcat-juli/9.0.12/tomcat-juli-9.0.12.jar:/Users/SetsunaYang/.m2/repository/org/assertj/assertj-core/3.11.1/assertj-core-3.11.1.jar:/Users/SetsunaYang/.m2/repository/org/codehaus/btm/btm/2.1.4/btm-2.1.4.jar:/Users/SetsunaYang/.m2/repository/javax/transaction/jta/1.1/jta-1.1.jar:/Users/SetsunaYang/.m2/repository/org/codehaus/groovy/groovy/2.5.3/groovy-2.5.3.jar:/Users/SetsunaYang/.m2/repository/org/codehaus/groovy/groovy-xml/2.5.3/groovy-xml-2.5.3.jar:/Users/SetsunaYang/.m2/repository/org/eclipse/jetty/jetty-servlets/9.4.12.v20180830/jetty-servlets-9.4.12.v20180830.jar:/Users/SetsunaYang/.m2/repository/org/eclipse/jetty/jetty-continuation/9.4.12.v20180830/jetty-continuation-9.4.12.v20180830.jar:/Users/SetsunaYang/.m2/repository/org/eclipse/jetty/jetty-http/9.4.12.v20180830/jetty-http-9.4.12.v20180830.jar:/Users/SetsunaYang/.m2/repository/org/eclipse/jetty/jetty-io/9.4.12.v20180830/jetty-io-9.4.12.v20180830.jar:/Users/SetsunaYang/.m2/repository/org/eclipse/jetty/jetty-util/9.4.12.v20180830/jetty-util-9.4.12.v20180830.jar:/Users/SetsunaYang/.m2/repository/org/eclipse/jetty/jetty-webapp/9.4.12.v20180830/jetty-webapp-9.4.12.v20180830.jar:/Users/SetsunaYang/.m2/repository/org/eclipse/jetty/jetty-xml/9.4.12.v20180830/jetty-xml-9.4.12.v20180830.jar:/Users/SetsunaYang/.m2/repository/org/eclipse/jetty/jetty-servlet/9.4.12.v20180830/jetty-servlet-9.4.12.v20180830.jar:/Users/SetsunaYang/.m2/repository/org/eclipse/jetty/jetty-security/9.4.12.v20180830/jetty-security-9.4.12.v20180830.jar:/Users/SetsunaYang/.m2/repository/org/eclipse/jetty/jetty-alpn-conscrypt-server/9.4.12.v20180830/jetty-alpn-conscrypt-server-9.4.12.v20180830.jar:/Users/SetsunaYang/.m2/repository/org/conscrypt/conscrypt-openjdk-uber/1.1.4/conscrypt-openjdk-uber-1.1.4.jar:/Users/SetsunaYang/.m2/repository/org/eclipse/jetty/jetty-alpn-server/9.4.12.v20180830/jetty-alpn-server-9.4.12.v20180830.jar:/Users/SetsunaYang/.m2/repository/org/eclipse/jetty/http2/http2-server/9.4.12.v20180830/http2-server-9.4.12.v20180830.jar:/Users/SetsunaYang/.m2/repository/org/eclipse/jetty/http2/http2-common/9.4.12.v20180830/http2-common-9.4.12.v20180830.jar:/Users/SetsunaYang/.m2/repository/org/eclipse/jetty/http2/http2-hpack/9.4.12.v20180830/http2-hpack-9.4.12.v20180830.jar:/Users/SetsunaYang/.m2/repository/org/eclipse/jetty/jetty-server/9.4.12.v20180830/jetty-server-9.4.12.v20180830.jar:/Users/SetsunaYang/.m2/repository/org/hamcrest/hamcrest-library/1.3/hamcrest-library-1.3.jar:/Users/SetsunaYang/.m2/repository/org/hibernate/hibernate-core/5.3.7.Final/hibernate-core-5.3.7.Final.jar:/Users/SetsunaYang/.m2/repository/org/jboss/logging/jboss-logging/3.3.2.Final/jboss-logging-3.3.2.Final.jar:/Users/SetsunaYang/.m2/repository/javax/persistence/javax.persistence-api/2.2/javax.persistence-api-2.2.jar:/Users/SetsunaYang/.m2/repository/org/javassist/javassist/3.23.1-GA/javassist-3.23.1-GA.jar:/Users/SetsunaYang/.m2/repository/net/bytebuddy/byte-buddy/1.9.3/byte-buddy-1.9.3.jar:/Users/SetsunaYang/.m2/repository/antlr/antlr/2.7.7/antlr-2.7.7.jar:/Users/SetsunaYang/.m2/repository/org/jboss/spec/javax/transaction/jboss-transaction-api_1.2_spec/1.1.1.Final/jboss-transaction-api_1.2_spec-1.1.1.Final.jar:/Users/SetsunaYang/.m2/repository/org/jboss/jandex/2.0.5.Final/jandex-2.0.5.Final.jar:/Users/SetsunaYang/.m2/repository/com/fasterxml/classmate/1.4.0/classmate-1.4.0.jar:/Users/SetsunaYang/.m2/repository/javax/activation/javax.activation-api/1.2.0/javax.activation-api-1.2.0.jar:/Users/SetsunaYang/.m2/repository/org/dom4j/dom4j/2.1.1/dom4j-2.1.1.jar:/Users/SetsunaYang/.m2/repository/org/hibernate/common/hibernate-commons-annotations/5.0.4.Final/hibernate-commons-annotations-5.0.4.Final.jar:/Users/SetsunaYang/.m2/repository/org/hibernate/validator/hibernate-validator/6.0.13.Final/hibernate-validator-6.0.13.Final.jar:/Users/SetsunaYang/.m2/repository/javax/validation/validation-api/2.0.1.Final/validation-api-2.0.1.Final.jar:/Users/SetsunaYang/.m2/repository/org/jboss/jboss-transaction-spi/7.6.0.Final/jboss-transaction-spi-7.6.0.Final.jar:/Users/SetsunaYang/.m2/repository/org/jboss/spec/javax/resource/jboss-connector-api_1.7_spec/1.0.0.Final/jboss-connector-api_1.7_spec-1.0.0.Final.jar:/Users/SetsunaYang/.m2/repository/org/liquibase/liquibase-core/3.6.2/liquibase-core-3.6.2.jar:/Users/SetsunaYang/.m2/repository/org/neo4j/neo4j-ogm-core/3.1.4/neo4j-ogm-core-3.1.4.jar:/Users/SetsunaYang/.m2/repository/org/neo4j/neo4j-ogm-api/3.1.4/neo4j-ogm-api-3.1.4.jar:/Users/SetsunaYang/.m2/repository/org/apache/commons/commons-lang3/3.8.1/commons-lang3-3.8.1.jar:/Users/SetsunaYang/.m2/repository/io/github/lukehutch/fast-classpath-scanner/2.18.1/fast-classpath-scanner-2.18.1.jar:/Users/SetsunaYang/.m2/repository/org/slf4j/jul-to-slf4j/1.7.25/jul-to-slf4j-1.7.25.jar:/Users/SetsunaYang/.m2/repository/org/slf4j/slf4j-api/1.7.25/slf4j-api-1.7.25.jar:/Users/SetsunaYang/.m2/repository/org/springframework/spring-orm/5.1.2.RELEASE/spring-orm-5.1.2.RELEASE.jar:/Users/SetsunaYang/.m2/repository/org/springframework/spring-jdbc/5.1.2.RELEASE/spring-jdbc-5.1.2.RELEASE.jar:/Users/SetsunaYang/.m2/repository/org/springframework/spring-tx/5.1.2.RELEASE/spring-tx-5.1.2.RELEASE.jar:/Users/SetsunaYang/.m2/repository/org/springframework/spring-oxm/5.1.2.RELEASE/spring-oxm-5.1.2.RELEASE.jar:/Users/SetsunaYang/.m2/repository/org/springframework/spring-test/5.1.2.RELEASE/spring-test-5.1.2.RELEASE.jar:/Users/SetsunaYang/.m2/repository/org/springframework/spring-web/5.1.2.RELEASE/spring-web-5.1.2.RELEASE.jar:/Users/SetsunaYang/.m2/repository/org/springframework/spring-webflux/5.1.2.RELEASE/spring-webflux-5.1.2.RELEASE.jar:/Users/SetsunaYang/.m2/repository/org/springframework/spring-webmvc/5.1.2.RELEASE/spring-webmvc-5.1.2.RELEASE.jar:/Users/SetsunaYang/.m2/repository/org/springframework/security/spring-security-web/5.1.1.RELEASE/spring-security-web-5.1.1.RELEASE.jar:/Users/SetsunaYang/.m2/repository/org/springframework/security/spring-security-core/5.1.1.RELEASE/spring-security-core-5.1.1.RELEASE.jar:/Users/SetsunaYang/.m2/repository/org/springframework/ws/spring-ws-core/3.0.4.RELEASE/spring-ws-core-3.0.4.RELEASE.jar:/Users/SetsunaYang/.m2/repository/org/springframework/ws/spring-xml/3.0.4.RELEASE/spring-xml-3.0.4.RELEASE.jar:/Users/SetsunaYang/.m2/repository/commons-io/commons-io/2.5/commons-io-2.5.jar:/Users/SetsunaYang/.m2/repository/org/yaml/snakeyaml/1.23/snakeyaml-1.23.jar:/Users/SetsunaYang/.m2/repository/org/jetbrains/kotlin/kotlin-reflect/1.2.71/kotlin-reflect-1.2.71.jar:/Users/SetsunaYang/.m2/repository/org/jetbrains/kotlin/kotlin-stdlib/1.2.71/kotlin-stdlib-1.2.71.jar:/Users/SetsunaYang/.m2/repository/org/jetbrains/kotlin/kotlin-stdlib-common/1.2.71/kotlin-stdlib-common-1.2.71.jar:/Users/SetsunaYang/.m2/repository/org/jetbrains/annotations/13.0/annotations-13.0.jar:/Users/SetsunaYang/.m2/repository/org/springframework/boot/spring-boot-configuration-processor/2.1.0.RELEASE/spring-boot-configuration-processor-2.1.0.RELEASE.jar:/Users/SetsunaYang/.m2/repository/org/springframework/boot/spring-boot-test-support/2.1.0.RELEASE/spring-boot-test-support-2.1.0.RELEASE.jar:/Users/SetsunaYang/.m2/repository/org/apache/maven/resolver/maven-resolver-connector-basic/1.1.1/maven-resolver-connector-basic-1.1.1.jar:/Users/SetsunaYang/.m2/repository/org/apache/maven/resolver/maven-resolver-api/1.1.1/maven-resolver-api-1.1.1.jar:/Users/SetsunaYang/.m2/repository/org/apache/maven/resolver/maven-resolver-spi/1.1.1/maven-resolver-spi-1.1.1.jar:/Users/SetsunaYang/.m2/repository/org/apache/maven/resolver/maven-resolver-util/1.1.1/maven-resolver-util-1.1.1.jar:/Users/SetsunaYang/.m2/repository/org/apache/maven/resolver/maven-resolver-impl/1.1.1/maven-resolver-impl-1.1.1.jar:/Users/SetsunaYang/.m2/repository/org/apache/maven/maven-resolver-provider/3.5.4/maven-resolver-provider-3.5.4.jar:/Users/SetsunaYang/.m2/repository/org/apache/maven/maven-model/3.5.4/maven-model-3.5.4.jar:/Users/SetsunaYang/.m2/repository/org/apache/maven/maven-model-builder/3.5.4/maven-model-builder-3.5.4.jar:/Users/SetsunaYang/.m2/repository/org/codehaus/plexus/plexus-interpolation/1.24/plexus-interpolation-1.24.jar:/Users/SetsunaYang/.m2/repository/org/codehaus/plexus/plexus-component-annotations/1.7.1/plexus-component-annotations-1.7.1.jar:/Users/SetsunaYang/.m2/repository/org/apache/maven/maven-artifact/3.5.4/maven-artifact-3.5.4.jar:/Users/SetsunaYang/.m2/repository/org/apache/maven/maven-builder-support/3.5.4/maven-builder-support-3.5.4.jar:/Users/SetsunaYang/.m2/repository/org/apache/maven/maven-repository-metadata/3.5.4/maven-repository-metadata-3.5.4.jar:/Users/SetsunaYang/.m2/repository/org/codehaus/plexus/plexus-utils/3.1.0/plexus-utils-3.1.0.jar:/Users/SetsunaYang/.m2/repository/javax/inject/javax.inject/1/javax.inject-1.jar:/Users/SetsunaYang/.m2/repository/org/apache/maven/resolver/maven-resolver-transport-http/1.1.1/maven-resolver-transport-http-1.1.1.jar:/Users/SetsunaYang/.m2/repository/com/datastax/cassandra/cassandra-driver-core/3.6.0/cassandra-driver-core-3.6.0.jar:/Users/SetsunaYang/.m2/repository/com/google/guava/guava/19.0/guava-19.0.jar:/Users/SetsunaYang/.m2/repository/io/dropwizard/metrics/metrics-core/4.0.3/metrics-core-4.0.3.jar:/Users/SetsunaYang/.m2/repository/com/github/jnr/jnr-ffi/2.1.7/jnr-ffi-2.1.7.jar:/Users/SetsunaYang/.m2/repository/com/github/jnr/jffi/1.2.16/jffi-1.2.16.jar:/Users/SetsunaYang/.m2/repository/com/github/jnr/jffi/1.2.16/jffi-1.2.16-native.jar:/Users/SetsunaYang/.m2/repository/org/ow2/asm/asm/5.0.3/asm-5.0.3.jar:/Users/SetsunaYang/.m2/repository/org/ow2/asm/asm-commons/5.0.3/asm-commons-5.0.3.jar:/Users/SetsunaYang/.m2/repository/org/ow2/asm/asm-analysis/5.0.3/asm-analysis-5.0.3.jar:/Users/SetsunaYang/.m2/repository/org/ow2/asm/asm-tree/5.0.3/asm-tree-5.0.3.jar:/Users/SetsunaYang/.m2/repository/org/ow2/asm/asm-util/5.0.3/asm-util-5.0.3.jar:/Users/SetsunaYang/.m2/repository/com/github/jnr/jnr-x86asm/1.0.2/jnr-x86asm-1.0.2.jar:/Users/SetsunaYang/.m2/repository/com/github/jnr/jnr-posix/3.0.44/jnr-posix-3.0.44.jar:/Users/SetsunaYang/.m2/repository/com/github/jnr/jnr-constants/0.9.9/jnr-constants-0.9.9.jar:/Users/SetsunaYang/.m2/repository/org/testcontainers/testcontainers/1.8.3/testcontainers-1.8.3.jar:/Users/SetsunaYang/.m2/repository/org/slf4j/slf4j-ext/1.7.25/slf4j-ext-1.7.25.jar:/Users/SetsunaYang/.m2/repository/com/google/code/findbugs/jsr305/3.0.2/jsr305-3.0.2.jar:/Users/SetsunaYang/.m2/repository/org/apache/commons/commons-compress/1.18/commons-compress-1.18.jar:/Users/SetsunaYang/.m2/repository/org/rnorth/duct-tape/duct-tape/1.0.7/duct-tape-1.0.7.jar:/Users/SetsunaYang/.m2/repository/org/rnorth/visible-assertions/visible-assertions/2.1.1/visible-assertions-2.1.1.jar:/Users/SetsunaYang/.m2/repository/net/java/dev/jna/jna/4.5.2/jna-4.5.2.jar:/Users/SetsunaYang/.m2/repository/org/rnorth/tcp-unix-socket-proxy/1.0.2/tcp-unix-socket-proxy-1.0.2.jar:/Users/SetsunaYang/.m2/repository/com/kohlschutter/junixsocket/junixsocket-native-common/2.0.4/junixsocket-native-common-2.0.4.jar:/Users/SetsunaYang/.m2/repository/org/scijava/native-lib-loader/2.0.2/native-lib-loader-2.0.2.jar:/Users/SetsunaYang/.m2/repository/com/kohlschutter/junixsocket/junixsocket-common/2.0.4/junixsocket-common-2.0.4.jar:/Users/SetsunaYang/.m2/repository/net/java/dev/jna/jna-platform/4.5.2/jna-platform-4.5.2.jar:/Users/SetsunaYang/.m2/repository/com/google/appengine/appengine-api-1.0-sdk/1.9.67/appengine-api-1.0-sdk-1.9.67.jar:/Users/SetsunaYang/.m2/repository/com/h2database/h2/1.4.197/h2-1.4.197.jar:/Users/SetsunaYang/.m2/repository/com/jayway/jsonpath/json-path/2.4.0/json-path-2.4.0.jar:/Users/SetsunaYang/.m2/repository/net/minidev/json-smart/2.3/json-smart-2.3.jar:/Users/SetsunaYang/.m2/repository/net/minidev/accessors-smart/1.2/accessors-smart-1.2.jar:/Users/SetsunaYang/.m2/repository/com/microsoft/sqlserver/mssql-jdbc/6.4.0.jre8/mssql-jdbc-6.4.0.jre8.jar:/Users/SetsunaYang/.m2/repository/com/squareup/okhttp3/okhttp/3.11.0/okhttp-3.11.0.jar:/Users/SetsunaYang/.m2/repository/com/squareup/okio/okio/1.14.0/okio-1.14.0.jar:/Users/SetsunaYang/.m2/repository/com/sun/xml/messaging/saaj/saaj-impl/1.5.0/saaj-impl-1.5.0.jar:/Users/SetsunaYang/.m2/repository/javax/xml/soap/javax.xml.soap-api/1.4.0/javax.xml.soap-api-1.4.0.jar:/Users/SetsunaYang/.m2/repository/org/jvnet/mimepull/mimepull/1.9.10/mimepull-1.9.10.jar:/Users/SetsunaYang/.m2/repository/org/jvnet/staxex/stax-ex/1.8/stax-ex-1.8.jar:/Users/SetsunaYang/.m2/repository/javax/activation/activation/1.1/activation-1.1.jar:/Users/SetsunaYang/.m2/repository/io/projectreactor/reactor-test/3.2.2.RELEASE/reactor-test-3.2.2.RELEASE.jar:/Users/SetsunaYang/.m2/repository/javax/xml/ws/jaxws-api/2.3.1/jaxws-api-2.3.1.jar:/Users/SetsunaYang/.m2/repository/javax/xml/bind/jaxb-api/2.3.1/jaxb-api-2.3.1.jar:/Users/SetsunaYang/.m2/repository/javax/annotation/javax.annotation-api/1.3.2/javax.annotation-api-1.3.2.jar:/Users/SetsunaYang/.m2/repository/mysql/mysql-connector-java/8.0.13/mysql-connector-java-8.0.13.jar:/Users/SetsunaYang/.m2/repository/net/sourceforge/jtds/jtds/1.3.1/jtds-1.3.1.jar:/Users/SetsunaYang/.m2/repository/org/apache/derby/derby/10.14.2.0/derby-10.14.2.0.jar:/Users/SetsunaYang/.m2/repository/org/apache/httpcomponents/httpasyncclient/4.1.4/httpasyncclient-4.1.4.jar:/Users/SetsunaYang/.m2/repository/org/apache/httpcomponents/httpcore-nio/4.4.10/httpcore-nio-4.4.10.jar:/Users/SetsunaYang/.m2/repository/org/firebirdsql/jdbc/jaybird-jdk18/3.0.5/jaybird-jdk18-3.0.5.jar:/Users/SetsunaYang/.m2/repository/javax/resource/connector-api/1.5/connector-api-1.5.jar:/Users/SetsunaYang/.m2/repository/org/antlr/antlr4-runtime/4.7/antlr4-runtime-4.7.jar:/Users/SetsunaYang/.m2/repository/org/hsqldb/hsqldb/2.4.1/hsqldb-2.4.1.jar:/Users/SetsunaYang/.m2/repository/org/mariadb/jdbc/mariadb-java-client/2.3.0/mariadb-java-client-2.3.0.jar:/Users/SetsunaYang/.m2/repository/org/mockito/mockito-core/2.23.0/mockito-core-2.23.0.jar:/Users/SetsunaYang/.m2/repository/net/bytebuddy/byte-buddy-agent/1.9.3/byte-buddy-agent-1.9.3.jar:/Users/SetsunaYang/.m2/repository/org/objenesis/objenesis/2.6/objenesis-2.6.jar:/Users/SetsunaYang/.m2/repository/org/postgresql/postgresql/42.2.5/postgresql-42.2.5.jar:/Users/SetsunaYang/.m2/repository/org/slf4j/jcl-over-slf4j/1.7.25/jcl-over-slf4j-1.7.25.jar:/Users/SetsunaYang/.m2/repository/org/springframework/spring-context-support/5.1.2.RELEASE/spring-context-support-5.1.2.RELEASE.jar:/Users/SetsunaYang/.m2/repository/org/springframework/data/spring-data-redis/2.1.2.RELEASE/spring-data-redis-2.1.2.RELEASE.jar:/Users/SetsunaYang/.m2/repository/org/springframework/data/spring-data-keyvalue/2.1.2.RELEASE/spring-data-keyvalue-2.1.2.RELEASE.jar:/Users/SetsunaYang/.m2/repository/org/springframework/data/spring-data-commons/2.1.2.RELEASE/spring-data-commons-2.1.2.RELEASE.jar:/Users/SetsunaYang/.m2/repository/org/xerial/sqlite-jdbc/3.25.2/sqlite-jdbc-3.25.2.jar:"/>
    <property name="java.vm.vendor" value="Oracle Corporation"/>
    <property name="sun.arch.data.model" value="64"/>
    <property name="java.vendor.url" value="http://java.oracle.com/"/>
    <property name="user.timezone" value=""/>
    <property name="java.vm.specification.version" value="1.8"/>
    <property name="os.name" value="Mac OS X"/>
    <property name="user.country" value="CN"/>
    <property name="sun.java.launcher" value="SUN_STANDARD"/>
    <property name="sun.boot.library.path" value="/Library/Java/JavaVirtualMachines/JDK.JDK/Contents/Home/jre/lib"/>
    <property name="sun.java.command" value="/Users/SetsunaYang/Documents/learning/boot/spring-boot-project/spring-boot/target/surefire/surefirebooter668764277157669262.jar /Users/SetsunaYang/Documents/learning/boot/spring-boot-project/spring-boot/target/surefire 2022-03-04T21-08-58_356-jvmRun1 surefire6278831159643625972tmp surefire_03367181847421843975tmp"/>
    <property name="http.nonProxyHosts" value="local|*.local|169.254/16|*.169.254/16"/>
    <property name="surefire.test.class.path" value="/Users/SetsunaYang/Documents/learning/boot/spring-boot-project/spring-boot/target/test-classes:/Users/SetsunaYang/Documents/learning/boot/spring-boot-project/spring-boot/target/classes:/Users/SetsunaYang/.m2/repository/org/springframework/spring-core/5.1.2.RELEASE/spring-core-5.1.2.RELEASE.jar:/Users/SetsunaYang/.m2/repository/org/springframework/spring-jcl/5.1.2.RELEASE/spring-jcl-5.1.2.RELEASE.jar:/Users/SetsunaYang/.m2/repository/org/springframework/spring-context/5.1.2.RELEASE/spring-context-5.1.2.RELEASE.jar:/Users/SetsunaYang/.m2/repository/org/springframework/spring-aop/5.1.2.RELEASE/spring-aop-5.1.2.RELEASE.jar:/Users/SetsunaYang/.m2/repository/org/springframework/spring-beans/5.1.2.RELEASE/spring-beans-5.1.2.RELEASE.jar:/Users/SetsunaYang/.m2/repository/org/springframework/spring-expression/5.1.2.RELEASE/spring-expression-5.1.2.RELEASE.jar:/Users/SetsunaYang/.m2/repository/ch/qos/logback/logback-classic/1.2.3/logback-classic-1.2.3.jar:/Users/SetsunaYang/.m2/repository/ch/qos/logback/logback-core/1.2.3/logback-core-1.2.3.jar:/Users/SetsunaYang/.m2/repository/com/atomikos/transactions-jdbc/4.0.6/transactions-jdbc-4.0.6.jar:/Users/SetsunaYang/.m2/repository/com/atomikos/transactions-jms/4.0.6/transactions-jms-4.0.6.jar:/Users/SetsunaYang/.m2/repository/com/atomikos/transactions-jta/4.0.6/transactions-jta-4.0.6.jar:/Users/SetsunaYang/.m2/repository/com/atomikos/transactions-api/4.0.6/transactions-api-4.0.6.jar:/Users/SetsunaYang/.m2/repository/com/atomikos/transactions/4.0.6/transactions-4.0.6.jar:/Users/SetsunaYang/.m2/repository/com/atomikos/atomikos-util/4.0.6/atomikos-util-4.0.6.jar:/Users/SetsunaYang/.m2/repository/com/fasterxml/jackson/core/jackson-databind/2.9.7/jackson-databind-2.9.7.jar:/Users/SetsunaYang/.m2/repository/com/fasterxml/jackson/core/jackson-annotations/2.9.0/jackson-annotations-2.9.0.jar:/Users/SetsunaYang/.m2/repository/com/fasterxml/jackson/core/jackson-core/2.9.7/jackson-core-2.9.7.jar:/Users/SetsunaYang/.m2/repository/com/google/code/gson/gson/2.8.5/gson-2.8.5.jar:/Users/SetsunaYang/.m2/repository/com/samskivert/jmustache/1.14/jmustache-1.14.jar:/Users/SetsunaYang/.m2/repository/com/sendgrid/sendgrid-java/4.3.0/sendgrid-java-4.3.0.jar:/Users/SetsunaYang/.m2/repository/com/sendgrid/java-http-client/4.1.0/java-http-client-4.1.0.jar:/Users/SetsunaYang/.m2/repository/com/zaxxer/HikariCP/3.2.0/HikariCP-3.2.0.jar:/Users/SetsunaYang/.m2/repository/io/projectreactor/netty/reactor-netty/0.8.2.RELEASE/reactor-netty-0.8.2.RELEASE.jar:/Users/SetsunaYang/.m2/repository/io/netty/netty-codec-http/4.1.29.Final/netty-codec-http-4.1.29.Final.jar:/Users/SetsunaYang/.m2/repository/io/netty/netty-codec/4.1.29.Final/netty-codec-4.1.29.Final.jar:/Users/SetsunaYang/.m2/repository/io/netty/netty-codec-http2/4.1.29.Final/netty-codec-http2-4.1.29.Final.jar:/Users/SetsunaYang/.m2/repository/io/netty/netty-handler/4.1.29.Final/netty-handler-4.1.29.Final.jar:/Users/SetsunaYang/.m2/repository/io/netty/netty-buffer/4.1.29.Final/netty-buffer-4.1.29.Final.jar:/Users/SetsunaYang/.m2/repository/io/netty/netty-transport/4.1.29.Final/netty-transport-4.1.29.Final.jar:/Users/SetsunaYang/.m2/repository/io/netty/netty-resolver/4.1.29.Final/netty-resolver-4.1.29.Final.jar:/Users/SetsunaYang/.m2/repository/io/netty/netty-handler-proxy/4.1.29.Final/netty-handler-proxy-4.1.29.Final.jar:/Users/SetsunaYang/.m2/repository/io/netty/netty-codec-socks/4.1.29.Final/netty-codec-socks-4.1.29.Final.jar:/Users/SetsunaYang/.m2/repository/io/netty/netty-transport-native-epoll/4.1.29.Final/netty-transport-native-epoll-4.1.29.Final-linux-x86_64.jar:/Users/SetsunaYang/.m2/repository/io/netty/netty-common/4.1.29.Final/netty-common-4.1.29.Final.jar:/Users/SetsunaYang/.m2/repository/io/netty/netty-transport-native-unix-common/4.1.29.Final/netty-transport-native-unix-common-4.1.29.Final.jar:/Users/SetsunaYang/.m2/repository/io/projectreactor/reactor-core/3.2.2.RELEASE/reactor-core-3.2.2.RELEASE.jar:/Users/SetsunaYang/.m2/repository/org/reactivestreams/reactive-streams/1.0.2/reactive-streams-1.0.2.jar:/Users/SetsunaYang/.m2/repository/io/netty/netty-tcnative-boringssl-static/2.0.17.Final/netty-tcnative-boringssl-static-2.0.17.Final.jar:/Users/SetsunaYang/.m2/repository/io/undertow/undertow-servlet/2.0.14.Final/undertow-servlet-2.0.14.Final.jar:/Users/SetsunaYang/.m2/repository/io/undertow/undertow-core/2.0.14.Final/undertow-core-2.0.14.Final.jar:/Users/SetsunaYang/.m2/repository/org/jboss/xnio/xnio-api/3.3.8.Final/xnio-api-3.3.8.Final.jar:/Users/SetsunaYang/.m2/repository/org/jboss/xnio/xnio-nio/3.3.8.Final/xnio-nio-3.3.8.Final.jar:/Users/SetsunaYang/.m2/repository/org/jboss/spec/javax/servlet/jboss-servlet-api_4.0_spec/1.0.0.Final/jboss-servlet-api_4.0_spec-1.0.0.Final.jar:/Users/SetsunaYang/.m2/repository/org/jboss/spec/javax/annotation/jboss-annotations-api_1.2_spec/1.0.2.Final/jboss-annotations-api_1.2_spec-1.0.2.Final.jar:/Users/SetsunaYang/.m2/repository/javax/jms/javax.jms-api/2.0.1/javax.jms-api-2.0.1.jar:/Users/SetsunaYang/.m2/repository/javax/servlet/javax.servlet-api/4.0.1/javax.servlet-api-4.0.1.jar:/Users/SetsunaYang/.m2/repository/junit/junit/4.12/junit-4.12.jar:/Users/SetsunaYang/.m2/repository/org/hamcrest/hamcrest-core/1.3/hamcrest-core-1.3.jar:/Users/SetsunaYang/.m2/repository/org/apache/commons/commons-dbcp2/2.5.0/commons-dbcp2-2.5.0.jar:/Users/SetsunaYang/.m2/repository/org/apache/commons/commons-pool2/2.6.0/commons-pool2-2.6.0.jar:/Users/SetsunaYang/.m2/repository/org/apache/httpcomponents/httpclient/4.5.6/httpclient-4.5.6.jar:/Users/SetsunaYang/.m2/repository/org/apache/httpcomponents/httpcore/4.4.10/httpcore-4.4.10.jar:/Users/SetsunaYang/.m2/repository/commons-codec/commons-codec/1.11/commons-codec-1.11.jar:/Users/SetsunaYang/.m2/repository/org/apache/logging/log4j/log4j-api/2.11.1/log4j-api-2.11.1.jar:/Users/SetsunaYang/.m2/repository/org/apache/logging/log4j/log4j-core/2.11.1/log4j-core-2.11.1.jar:/Users/SetsunaYang/.m2/repository/org/apache/tomcat/embed/tomcat-embed-core/9.0.12/tomcat-embed-core-9.0.12.jar:/Users/SetsunaYang/.m2/repository/org/apache/tomcat/tomcat-annotations-api/9.0.12/tomcat-annotations-api-9.0.12.jar:/Users/SetsunaYang/.m2/repository/org/apache/tomcat/embed/tomcat-embed-jasper/9.0.12/tomcat-embed-jasper-9.0.12.jar:/Users/SetsunaYang/.m2/repository/org/apache/tomcat/embed/tomcat-embed-el/9.0.12/tomcat-embed-el-9.0.12.jar:/Users/SetsunaYang/.m2/repository/org/eclipse/jdt/ecj/3.13.102/ecj-3.13.102.jar:/Users/SetsunaYang/.m2/repository/org/apache/tomcat/tomcat-jdbc/9.0.12/tomcat-jdbc-9.0.12.jar:/Users/SetsunaYang/.m2/repository/org/apache/tomcat/tomcat-juli/9.0.12/tomcat-juli-9.0.12.jar:/Users/SetsunaYang/.m2/repository/org/assertj/assertj-core/3.11.1/assertj-core-3.11.1.jar:/Users/SetsunaYang/.m2/repository/org/codehaus/btm/btm/2.1.4/btm-2.1.4.jar:/Users/SetsunaYang/.m2/repository/javax/transaction/jta/1.1/jta-1.1.jar:/Users/SetsunaYang/.m2/repository/org/codehaus/groovy/groovy/2.5.3/groovy-2.5.3.jar:/Users/SetsunaYang/.m2/repository/org/codehaus/groovy/groovy-xml/2.5.3/groovy-xml-2.5.3.jar:/Users/SetsunaYang/.m2/repository/org/eclipse/jetty/jetty-servlets/9.4.12.v20180830/jetty-servlets-9.4.12.v20180830.jar:/Users/SetsunaYang/.m2/repository/org/eclipse/jetty/jetty-continuation/9.4.12.v20180830/jetty-continuation-9.4.12.v20180830.jar:/Users/SetsunaYang/.m2/repository/org/eclipse/jetty/jetty-http/9.4.12.v20180830/jetty-http-9.4.12.v20180830.jar:/Users/SetsunaYang/.m2/repository/org/eclipse/jetty/jetty-io/9.4.12.v20180830/jetty-io-9.4.12.v20180830.jar:/Users/SetsunaYang/.m2/repository/org/eclipse/jetty/jetty-util/9.4.12.v20180830/jetty-util-9.4.12.v20180830.jar:/Users/SetsunaYang/.m2/repository/org/eclipse/jetty/jetty-webapp/9.4.12.v20180830/jetty-webapp-9.4.12.v20180830.jar:/Users/SetsunaYang/.m2/repository/org/eclipse/jetty/jetty-xml/9.4.12.v20180830/jetty-xml-9.4.12.v20180830.jar:/Users/SetsunaYang/.m2/repository/org/eclipse/jetty/jetty-servlet/9.4.12.v20180830/jetty-servlet-9.4.12.v20180830.jar:/Users/SetsunaYang/.m2/repository/org/eclipse/jetty/jetty-security/9.4.12.v20180830/jetty-security-9.4.12.v20180830.jar:/Users/SetsunaYang/.m2/repository/org/eclipse/jetty/jetty-alpn-conscrypt-server/9.4.12.v20180830/jetty-alpn-conscrypt-server-9.4.12.v20180830.jar:/Users/SetsunaYang/.m2/repository/org/conscrypt/conscrypt-openjdk-uber/1.1.4/conscrypt-openjdk-uber-1.1.4.jar:/Users/SetsunaYang/.m2/repository/org/eclipse/jetty/jetty-alpn-server/9.4.12.v20180830/jetty-alpn-server-9.4.12.v20180830.jar:/Users/SetsunaYang/.m2/repository/org/eclipse/jetty/http2/http2-server/9.4.12.v20180830/http2-server-9.4.12.v20180830.jar:/Users/SetsunaYang/.m2/repository/org/eclipse/jetty/http2/http2-common/9.4.12.v20180830/http2-common-9.4.12.v20180830.jar:/Users/SetsunaYang/.m2/repository/org/eclipse/jetty/http2/http2-hpack/9.4.12.v20180830/http2-hpack-9.4.12.v20180830.jar:/Users/SetsunaYang/.m2/repository/org/eclipse/jetty/jetty-server/9.4.12.v20180830/jetty-server-9.4.12.v20180830.jar:/Users/SetsunaYang/.m2/repository/org/hamcrest/hamcrest-library/1.3/hamcrest-library-1.3.jar:/Users/SetsunaYang/.m2/repository/org/hibernate/hibernate-core/5.3.7.Final/hibernate-core-5.3.7.Final.jar:/Users/SetsunaYang/.m2/repository/org/jboss/logging/jboss-logging/3.3.2.Final/jboss-logging-3.3.2.Final.jar:/Users/SetsunaYang/.m2/repository/javax/persistence/javax.persistence-api/2.2/javax.persistence-api-2.2.jar:/Users/SetsunaYang/.m2/repository/org/javassist/javassist/3.23.1-GA/javassist-3.23.1-GA.jar:/Users/SetsunaYang/.m2/repository/net/bytebuddy/byte-buddy/1.9.3/byte-buddy-1.9.3.jar:/Users/SetsunaYang/.m2/repository/antlr/antlr/2.7.7/antlr-2.7.7.jar:/Users/SetsunaYang/.m2/repository/org/jboss/spec/javax/transaction/jboss-transaction-api_1.2_spec/1.1.1.Final/jboss-transaction-api_1.2_spec-1.1.1.Final.jar:/Users/SetsunaYang/.m2/repository/org/jboss/jandex/2.0.5.Final/jandex-2.0.5.Final.jar:/Users/SetsunaYang/.m2/repository/com/fasterxml/classmate/1.4.0/classmate-1.4.0.jar:/Users/SetsunaYang/.m2/repository/javax/activation/javax.activation-api/1.2.0/javax.activation-api-1.2.0.jar:/Users/SetsunaYang/.m2/repository/org/dom4j/dom4j/2.1.1/dom4j-2.1.1.jar:/Users/SetsunaYang/.m2/repository/org/hibernate/common/hibernate-commons-annotations/5.0.4.Final/hibernate-commons-annotations-5.0.4.Final.jar:/Users/SetsunaYang/.m2/repository/org/hibernate/validator/hibernate-validator/6.0.13.Final/hibernate-validator-6.0.13.Final.jar:/Users/SetsunaYang/.m2/repository/javax/validation/validation-api/2.0.1.Final/validation-api-2.0.1.Final.jar:/Users/SetsunaYang/.m2/repository/org/jboss/jboss-transaction-spi/7.6.0.Final/jboss-transaction-spi-7.6.0.Final.jar:/Users/SetsunaYang/.m2/repository/org/jboss/spec/javax/resource/jboss-connector-api_1.7_spec/1.0.0.Final/jboss-connector-api_1.7_spec-1.0.0.Final.jar:/Users/SetsunaYang/.m2/repository/org/liquibase/liquibase-core/3.6.2/liquibase-core-3.6.2.jar:/Users/SetsunaYang/.m2/repository/org/neo4j/neo4j-ogm-core/3.1.4/neo4j-ogm-core-3.1.4.jar:/Users/SetsunaYang/.m2/repository/org/neo4j/neo4j-ogm-api/3.1.4/neo4j-ogm-api-3.1.4.jar:/Users/SetsunaYang/.m2/repository/org/apache/commons/commons-lang3/3.8.1/commons-lang3-3.8.1.jar:/Users/SetsunaYang/.m2/repository/io/github/lukehutch/fast-classpath-scanner/2.18.1/fast-classpath-scanner-2.18.1.jar:/Users/SetsunaYang/.m2/repository/org/slf4j/jul-to-slf4j/1.7.25/jul-to-slf4j-1.7.25.jar:/Users/SetsunaYang/.m2/repository/org/slf4j/slf4j-api/1.7.25/slf4j-api-1.7.25.jar:/Users/SetsunaYang/.m2/repository/org/springframework/spring-orm/5.1.2.RELEASE/spring-orm-5.1.2.RELEASE.jar:/Users/SetsunaYang/.m2/repository/org/springframework/spring-jdbc/5.1.2.RELEASE/spring-jdbc-5.1.2.RELEASE.jar:/Users/SetsunaYang/.m2/repository/org/springframework/spring-tx/5.1.2.RELEASE/spring-tx-5.1.2.RELEASE.jar:/Users/SetsunaYang/.m2/repository/org/springframework/spring-oxm/5.1.2.RELEASE/spring-oxm-5.1.2.RELEASE.jar:/Users/SetsunaYang/.m2/repository/org/springframework/spring-test/5.1.2.RELEASE/spring-test-5.1.2.RELEASE.jar:/Users/SetsunaYang/.m2/repository/org/springframework/spring-web/5.1.2.RELEASE/spring-web-5.1.2.RELEASE.jar:/Users/SetsunaYang/.m2/repository/org/springframework/spring-webflux/5.1.2.RELEASE/spring-webflux-5.1.2.RELEASE.jar:/Users/SetsunaYang/.m2/repository/org/springframework/spring-webmvc/5.1.2.RELEASE/spring-webmvc-5.1.2.RELEASE.jar:/Users/SetsunaYang/.m2/repository/org/springframework/security/spring-security-web/5.1.1.RELEASE/spring-security-web-5.1.1.RELEASE.jar:/Users/SetsunaYang/.m2/repository/org/springframework/security/spring-security-core/5.1.1.RELEASE/spring-security-core-5.1.1.RELEASE.jar:/Users/SetsunaYang/.m2/repository/org/springframework/ws/spring-ws-core/3.0.4.RELEASE/spring-ws-core-3.0.4.RELEASE.jar:/Users/SetsunaYang/.m2/repository/org/springframework/ws/spring-xml/3.0.4.RELEASE/spring-xml-3.0.4.RELEASE.jar:/Users/SetsunaYang/.m2/repository/commons-io/commons-io/2.5/commons-io-2.5.jar:/Users/SetsunaYang/.m2/repository/org/yaml/snakeyaml/1.23/snakeyaml-1.23.jar:/Users/SetsunaYang/.m2/repository/org/jetbrains/kotlin/kotlin-reflect/1.2.71/kotlin-reflect-1.2.71.jar:/Users/SetsunaYang/.m2/repository/org/jetbrains/kotlin/kotlin-stdlib/1.2.71/kotlin-stdlib-1.2.71.jar:/Users/SetsunaYang/.m2/repository/org/jetbrains/kotlin/kotlin-stdlib-common/1.2.71/kotlin-stdlib-common-1.2.71.jar:/Users/SetsunaYang/.m2/repository/org/jetbrains/annotations/13.0/annotations-13.0.jar:/Users/SetsunaYang/.m2/repository/org/springframework/boot/spring-boot-configuration-processor/2.1.0.RELEASE/spring-boot-configuration-processor-2.1.0.RELEASE.jar:/Users/SetsunaYang/.m2/repository/org/springframework/boot/spring-boot-test-support/2.1.0.RELEASE/spring-boot-test-support-2.1.0.RELEASE.jar:/Users/SetsunaYang/.m2/repository/org/apache/maven/resolver/maven-resolver-connector-basic/1.1.1/maven-resolver-connector-basic-1.1.1.jar:/Users/SetsunaYang/.m2/repository/org/apache/maven/resolver/maven-resolver-api/1.1.1/maven-resolver-api-1.1.1.jar:/Users/SetsunaYang/.m2/repository/org/apache/maven/resolver/maven-resolver-spi/1.1.1/maven-resolver-spi-1.1.1.jar:/Users/SetsunaYang/.m2/repository/org/apache/maven/resolver/maven-resolver-util/1.1.1/maven-resolver-util-1.1.1.jar:/Users/SetsunaYang/.m2/repository/org/apache/maven/resolver/maven-resolver-impl/1.1.1/maven-resolver-impl-1.1.1.jar:/Users/SetsunaYang/.m2/repository/org/apache/maven/maven-resolver-provider/3.5.4/maven-resolver-provider-3.5.4.jar:/Users/SetsunaYang/.m2/repository/org/apache/maven/maven-model/3.5.4/maven-model-3.5.4.jar:/Users/SetsunaYang/.m2/repository/org/apache/maven/maven-model-builder/3.5.4/maven-model-builder-3.5.4.jar:/Users/SetsunaYang/.m2/repository/org/codehaus/plexus/plexus-interpolation/1.24/plexus-interpolation-1.24.jar:/Users/SetsunaYang/.m2/repository/org/codehaus/plexus/plexus-component-annotations/1.7.1/plexus-component-annotations-1.7.1.jar:/Users/SetsunaYang/.m2/repository/org/apache/maven/maven-artifact/3.5.4/maven-artifact-3.5.4.jar:/Users/SetsunaYang/.m2/repository/org/apache/maven/maven-builder-support/3.5.4/maven-builder-support-3.5.4.jar:/Users/SetsunaYang/.m2/repository/org/apache/maven/maven-repository-metadata/3.5.4/maven-repository-metadata-3.5.4.jar:/Users/SetsunaYang/.m2/repository/org/codehaus/plexus/plexus-utils/3.1.0/plexus-utils-3.1.0.jar:/Users/SetsunaYang/.m2/repository/javax/inject/javax.inject/1/javax.inject-1.jar:/Users/SetsunaYang/.m2/repository/org/apache/maven/resolver/maven-resolver-transport-http/1.1.1/maven-resolver-transport-http-1.1.1.jar:/Users/SetsunaYang/.m2/repository/com/datastax/cassandra/cassandra-driver-core/3.6.0/cassandra-driver-core-3.6.0.jar:/Users/SetsunaYang/.m2/repository/com/google/guava/guava/19.0/guava-19.0.jar:/Users/SetsunaYang/.m2/repository/io/dropwizard/metrics/metrics-core/4.0.3/metrics-core-4.0.3.jar:/Users/SetsunaYang/.m2/repository/com/github/jnr/jnr-ffi/2.1.7/jnr-ffi-2.1.7.jar:/Users/SetsunaYang/.m2/repository/com/github/jnr/jffi/1.2.16/jffi-1.2.16.jar:/Users/SetsunaYang/.m2/repository/com/github/jnr/jffi/1.2.16/jffi-1.2.16-native.jar:/Users/SetsunaYang/.m2/repository/org/ow2/asm/asm/5.0.3/asm-5.0.3.jar:/Users/SetsunaYang/.m2/repository/org/ow2/asm/asm-commons/5.0.3/asm-commons-5.0.3.jar:/Users/SetsunaYang/.m2/repository/org/ow2/asm/asm-analysis/5.0.3/asm-analysis-5.0.3.jar:/Users/SetsunaYang/.m2/repository/org/ow2/asm/asm-tree/5.0.3/asm-tree-5.0.3.jar:/Users/SetsunaYang/.m2/repository/org/ow2/asm/asm-util/5.0.3/asm-util-5.0.3.jar:/Users/SetsunaYang/.m2/repository/com/github/jnr/jnr-x86asm/1.0.2/jnr-x86asm-1.0.2.jar:/Users/SetsunaYang/.m2/repository/com/github/jnr/jnr-posix/3.0.44/jnr-posix-3.0.44.jar:/Users/SetsunaYang/.m2/repository/com/github/jnr/jnr-constants/0.9.9/jnr-constants-0.9.9.jar:/Users/SetsunaYang/.m2/repository/org/testcontainers/testcontainers/1.8.3/testcontainers-1.8.3.jar:/Users/SetsunaYang/.m2/repository/org/slf4j/slf4j-ext/1.7.25/slf4j-ext-1.7.25.jar:/Users/SetsunaYang/.m2/repository/com/google/code/findbugs/jsr305/3.0.2/jsr305-3.0.2.jar:/Users/SetsunaYang/.m2/repository/org/apache/commons/commons-compress/1.18/commons-compress-1.18.jar:/Users/SetsunaYang/.m2/repository/org/rnorth/duct-tape/duct-tape/1.0.7/duct-tape-1.0.7.jar:/Users/SetsunaYang/.m2/repository/org/rnorth/visible-assertions/visible-assertions/2.1.1/visible-assertions-2.1.1.jar:/Users/SetsunaYang/.m2/repository/net/java/dev/jna/jna/4.5.2/jna-4.5.2.jar:/Users/SetsunaYang/.m2/repository/org/rnorth/tcp-unix-socket-proxy/1.0.2/tcp-unix-socket-proxy-1.0.2.jar:/Users/SetsunaYang/.m2/repository/com/kohlschutter/junixsocket/junixsocket-native-common/2.0.4/junixsocket-native-common-2.0.4.jar:/Users/SetsunaYang/.m2/repository/org/scijava/native-lib-loader/2.0.2/native-lib-loader-2.0.2.jar:/Users/SetsunaYang/.m2/repository/com/kohlschutter/junixsocket/junixsocket-common/2.0.4/junixsocket-common-2.0.4.jar:/Users/SetsunaYang/.m2/repository/net/java/dev/jna/jna-platform/4.5.2/jna-platform-4.5.2.jar:/Users/SetsunaYang/.m2/repository/com/google/appengine/appengine-api-1.0-sdk/1.9.67/appengine-api-1.0-sdk-1.9.67.jar:/Users/SetsunaYang/.m2/repository/com/h2database/h2/1.4.197/h2-1.4.197.jar:/Users/SetsunaYang/.m2/repository/com/jayway/jsonpath/json-path/2.4.0/json-path-2.4.0.jar:/Users/SetsunaYang/.m2/repository/net/minidev/json-smart/2.3/json-smart-2.3.jar:/Users/SetsunaYang/.m2/repository/net/minidev/accessors-smart/1.2/accessors-smart-1.2.jar:/Users/SetsunaYang/.m2/repository/com/microsoft/sqlserver/mssql-jdbc/6.4.0.jre8/mssql-jdbc-6.4.0.jre8.jar:/Users/SetsunaYang/.m2/repository/com/squareup/okhttp3/okhttp/3.11.0/okhttp-3.11.0.jar:/Users/SetsunaYang/.m2/repository/com/squareup/okio/okio/1.14.0/okio-1.14.0.jar:/Users/SetsunaYang/.m2/repository/com/sun/xml/messaging/saaj/saaj-impl/1.5.0/saaj-impl-1.5.0.jar:/Users/SetsunaYang/.m2/repository/javax/xml/soap/javax.xml.soap-api/1.4.0/javax.xml.soap-api-1.4.0.jar:/Users/SetsunaYang/.m2/repository/org/jvnet/mimepull/mimepull/1.9.10/mimepull-1.9.10.jar:/Users/SetsunaYang/.m2/repository/org/jvnet/staxex/stax-ex/1.8/stax-ex-1.8.jar:/Users/SetsunaYang/.m2/repository/javax/activation/activation/1.1/activation-1.1.jar:/Users/SetsunaYang/.m2/repository/io/projectreactor/reactor-test/3.2.2.RELEASE/reactor-test-3.2.2.RELEASE.jar:/Users/SetsunaYang/.m2/repository/javax/xml/ws/jaxws-api/2.3.1/jaxws-api-2.3.1.jar:/Users/SetsunaYang/.m2/repository/javax/xml/bind/jaxb-api/2.3.1/jaxb-api-2.3.1.jar:/Users/SetsunaYang/.m2/repository/javax/annotation/javax.annotation-api/1.3.2/javax.annotation-api-1.3.2.jar:/Users/SetsunaYang/.m2/repository/mysql/mysql-connector-java/8.0.13/mysql-connector-java-8.0.13.jar:/Users/SetsunaYang/.m2/repository/net/sourceforge/jtds/jtds/1.3.1/jtds-1.3.1.jar:/Users/SetsunaYang/.m2/repository/org/apache/derby/derby/10.14.2.0/derby-10.14.2.0.jar:/Users/SetsunaYang/.m2/repository/org/apache/httpcomponents/httpasyncclient/4.1.4/httpasyncclient-4.1.4.jar:/Users/SetsunaYang/.m2/repository/org/apache/httpcomponents/httpcore-nio/4.4.10/httpcore-nio-4.4.10.jar:/Users/SetsunaYang/.m2/repository/org/firebirdsql/jdbc/jaybird-jdk18/3.0.5/jaybird-jdk18-3.0.5.jar:/Users/SetsunaYang/.m2/repository/javax/resource/connector-api/1.5/connector-api-1.5.jar:/Users/SetsunaYang/.m2/repository/org/antlr/antlr4-runtime/4.7/antlr4-runtime-4.7.jar:/Users/SetsunaYang/.m2/repository/org/hsqldb/hsqldb/2.4.1/hsqldb-2.4.1.jar:/Users/SetsunaYang/.m2/repository/org/mariadb/jdbc/mariadb-java-client/2.3.0/mariadb-java-client-2.3.0.jar:/Users/SetsunaYang/.m2/repository/org/mockito/mockito-core/2.23.0/mockito-core-2.23.0.jar:/Users/SetsunaYang/.m2/repository/net/bytebuddy/byte-buddy-agent/1.9.3/byte-buddy-agent-1.9.3.jar:/Users/SetsunaYang/.m2/repository/org/objenesis/objenesis/2.6/objenesis-2.6.jar:/Users/SetsunaYang/.m2/repository/org/postgresql/postgresql/42.2.5/postgresql-42.2.5.jar:/Users/SetsunaYang/.m2/repository/org/slf4j/jcl-over-slf4j/1.7.25/jcl-over-slf4j-1.7.25.jar:/Users/SetsunaYang/.m2/repository/org/springframework/spring-context-support/5.1.2.RELEASE/spring-context-support-5.1.2.RELEASE.jar:/Users/SetsunaYang/.m2/repository/org/springframework/data/spring-data-redis/2.1.2.RELEASE/spring-data-redis-2.1.2.RELEASE.jar:/Users/SetsunaYang/.m2/repository/org/springframework/data/spring-data-keyvalue/2.1.2.RELEASE/spring-data-keyvalue-2.1.2.RELEASE.jar:/Users/SetsunaYang/.m2/repository/org/springframework/data/spring-data-commons/2.1.2.RELEASE/spring-data-commons-2.1.2.RELEASE.jar:/Users/SetsunaYang/.m2/repository/org/xerial/sqlite-jdbc/3.25.2/sqlite-jdbc-3.25.2.jar:"/>
    <property name="sun.cpu.endian" value="little"/>
    <property name="user.home" value="/Users/SetsunaYang"/>
    <property name="user.language" value="zh"/>
    <property name="java.specification.vendor" value="Oracle Corporation"/>
    <property name="java.home" value="/Library/Java/JavaVirtualMachines/JDK.JDK/Contents/Home/jre"/>
    <property name="basedir" value="/Users/SetsunaYang/Documents/learning/boot/spring-boot-project/spring-boot"/>
    <property name="file.separator" value="/"/>
    <property name="line.separator" value="&#10;"/>
    <property name="java.vm.specification.vendor" value="Oracle Corporation"/>
    <property name="java.specification.name" value="Java Platform API Specification"/>
    <property name="java.awt.graphicsenv" value="sun.awt.CGraphicsEnvironment"/>
    <property name="java.awt.headless" value="true"/>
    <property name="surefire.real.class.path" value="/Users/SetsunaYang/Documents/learning/boot/spring-boot-project/spring-boot/target/surefire/surefirebooter668764277157669262.jar"/>
    <property name="sun.boot.class.path" value="/Library/Java/JavaVirtualMachines/JDK.JDK/Contents/Home/jre/lib/resources.jar:/Library/Java/JavaVirtualMachines/JDK.JDK/Contents/Home/jre/lib/rt.jar:/Library/Java/JavaVirtualMachines/JDK.JDK/Contents/Home/jre/lib/sunrsasign.jar:/Library/Java/JavaVirtualMachines/JDK.JDK/Contents/Home/jre/lib/jsse.jar:/Library/Java/JavaVirtualMachines/JDK.JDK/Contents/Home/jre/lib/jce.jar:/Library/Java/JavaVirtualMachines/JDK.JDK/Contents/Home/jre/lib/charsets.jar:/Library/Java/JavaVirtualMachines/JDK.JDK/Contents/Home/jre/lib/jfr.jar:/Library/Java/JavaVirtualMachines/JDK.JDK/Contents/Home/jre/classes"/>
    <property name="sun.management.compiler" value="HotSpot 64-Bit Tiered Compilers"/>
    <property name="ftp.nonProxyHosts" value="local|*.local|169.254/16|*.169.254/16"/>
    <property name="java.runtime.version" value="1.8.0_202-b08"/>
    <property name="user.name" value="SetsunaYang"/>
    <property name="path.separator" value=":"/>
    <property name="java.security.egd" value="file:/dev/./urandom"/>
    <property name="os.version" value="10.11.6"/>
    <property name="java.endorsed.dirs" value="/Library/Java/JavaVirtualMachines/JDK.JDK/Contents/Home/jre/lib/endorsed"/>
    <property name="java.runtime.name" value="Java(TM) SE Runtime Environment"/>
    <property name="file.encoding" value="UTF-8"/>
    <property name="java.vm.name" value="Java HotSpot(TM) 64-Bit Server VM"/>
    <property name="localRepository" value="/Users/SetsunaYang/.m2/repository"/>
    <property name="java.vendor.url.bug" value="http://bugreport.sun.com/bugreport/"/>
    <property name="java.io.tmpdir" value="/var/folders/xk/j30bv79x4551lx6t33jzzrsw0000gn/T/"/>
    <property name="java.version" value="1.8.0_202"/>
    <property name="user.dir" value="/Users/SetsunaYang/Documents/learning/boot/spring-boot-project/spring-boot"/>
    <property name="os.arch" value="x86_64"/>
    <property name="java.vm.specification.name" value="Java Virtual Machine Specification"/>
    <property name="java.awt.printerjob" value="sun.lwawt.macosx.CPrinterJob"/>
    <property name="sun.os.patch.level" value="unknown"/>
    <property name="idea.version2019.3.5" value="true"/>
    <property name="java.library.path" value="/Users/SetsunaYang/Library/Java/Extensions:/Library/Java/Extensions:/Network/Library/Java/Extensions:/System/Library/Java/Extensions:/usr/lib/java:."/>
    <property name="java.vm.info" value="mixed mode"/>
    <property name="java.vendor" value="Oracle Corporation"/>
    <property name="java.vm.version" value="25.202-b08"/>
    <property name="java.ext.dirs" value="/Users/SetsunaYang/Library/Java/Extensions:/Library/Java/JavaVirtualMachines/JDK.JDK/Contents/Home/jre/lib/ext:/Library/Java/Extensions:/Network/Library/Java/Extensions:/System/Library/Java/Extensions:/usr/lib/java"/>
    <property name="sun.io.unicode.encoding" value="UnicodeBig"/>
    <property name="maven.repo.local" value="/Users/SetsunaYang/.m2/repository"/>
    <property name="java.class.version" value="52.0"/>
    <property name="socksNonProxyHosts" value="local|*.local|169.254/16|*.169.254/16"/>
  </properties>
  <testcase name="bindToPackagePrivateClassShouldBindToInstance" classname="org.springframework.boot.context.properties.bind.test.PackagePrivateBeanBindingTests" time="0"/>
</testsuite>