<?xml version="1.0" encoding="UTF-8"?>
<testsuite name="org.springframework.boot.build.context.properties.TableTests" tests="1" skipped="0" failures="0" errors="0" timestamp="2021-05-20T05:45:09" hostname="e0c1209b-c195-482a-5631-737c2f0472a1" time="0.001">
  <properties/>
  <testcase name="simpleTable()" classname="org.springframework.boot.build.context.properties.TableTests" time="0.001"/>
  <system-out><![CDATA[]]></system-out>
  <system-err><![CDATA[]]></system-err>
</testsuite>
