<?xml version="1.0" encoding="UTF-8"?>
<testsuite name="org.springframework.boot.build.log4j2.ReproduciblePluginsDatActionTests" tests="1" skipped="0" failures="0" errors="0" timestamp="2021-05-20T05:45:10" hostname="e0c1209b-c195-482a-5631-737c2f0472a1" time="0.012">
  <properties/>
  <testcase name="postProcessingOrdersCategoriesAndPlugins()" classname="org.springframework.boot.build.log4j2.ReproduciblePluginsDatActionTests" time="0.012"/>
  <system-out><![CDATA[]]></system-out>
  <system-err><![CDATA[]]></system-err>
</testsuite>
