<?xml version="1.0" encoding="UTF-8"?>
<testsuite name="org.springframework.boot.build.mavenplugin.PluginXmlParserTests" tests="2" skipped="0" failures="0" errors="0" timestamp="2021-05-20T05:45:09" hostname="e0c1209b-c195-482a-5631-737c2f0472a1" time="0.648">
  <properties/>
  <testcase name="parseNonExistingFileThrowException()" classname="org.springframework.boot.build.mavenplugin.PluginXmlParserTests" time="0.274"/>
  <testcase name="parseExistingDescriptorReturnPluginDescriptor()" classname="org.springframework.boot.build.mavenplugin.PluginXmlParserTests" time="0.373"/>
  <system-out><![CDATA[]]></system-out>
  <system-err><![CDATA[]]></system-err>
</testsuite>
