<?xml version="1.0" encoding="UTF-8"?>
<testsuite name="org.springframework.boot.build.bom.bomr.version.ArtifactVersionDependencyVersionTests" tests="17" skipped="0" failures="0" errors="0" timestamp="2021-05-20T05:45:10" hostname="e0c1209b-c195-482a-5631-737c2f0472a1" time="0.008">
  <properties/>
  <testcase name="parseWhenVersionIsNotAMavenVersionShouldReturnNull()" classname="org.springframework.boot.build.bom.bomr.version.ArtifactVersionDependencyVersionTests" time="0.0"/>
  <testcase name="isNewerThanWhenInputIsOlderMinorShouldReturnTrue()" classname="org.springframework.boot.build.bom.bomr.version.ArtifactVersionDependencyVersionTests" time="0.001"/>
  <testcase name="isSameMinorAndNewerThanWhenMinorIsNewerShouldReturnFalse()" classname="org.springframework.boot.build.bom.bomr.version.ArtifactVersionDependencyVersionTests" time="0.0"/>
  <testcase name="isSameMinorAndNewerThanWhenPatchIsNewerShouldReturnFalse()" classname="org.springframework.boot.build.bom.bomr.version.ArtifactVersionDependencyVersionTests" time="0.0"/>
  <testcase name="isSameMajorAndNewerThanWhenMinorIsNewerShouldReturnFalse()" classname="org.springframework.boot.build.bom.bomr.version.ArtifactVersionDependencyVersionTests" time="0.001"/>
  <testcase name="isSameMinorAndNewerThanWhenVersionsAreTheSameShouldReturnFalse()" classname="org.springframework.boot.build.bom.bomr.version.ArtifactVersionDependencyVersionTests" time="0.0"/>
  <testcase name="isSameMinorAndNewerThanWhenPatchIsOlderShouldReturnTrue()" classname="org.springframework.boot.build.bom.bomr.version.ArtifactVersionDependencyVersionTests" time="0.001"/>
  <testcase name="isNewerThanWhenInputIsOlderPatchShouldReturnTrue()" classname="org.springframework.boot.build.bom.bomr.version.ArtifactVersionDependencyVersionTests" time="0.0"/>
  <testcase name="isSameMajorAndNewerThanWhenMajorIsOlderShouldReturnFalse()" classname="org.springframework.boot.build.bom.bomr.version.ArtifactVersionDependencyVersionTests" time="0.0"/>
  <testcase name="isNewerThanWhenInputIsNewerMajorShouldReturnFalse()" classname="org.springframework.boot.build.bom.bomr.version.ArtifactVersionDependencyVersionTests" time="0.0"/>
  <testcase name="isNewerThanWhenInputIsOlderMajorShouldReturnTrue()" classname="org.springframework.boot.build.bom.bomr.version.ArtifactVersionDependencyVersionTests" time="0.0"/>
  <testcase name="parseWhenVersionIsAMavenVersionShouldReturnAVersion()" classname="org.springframework.boot.build.bom.bomr.version.ArtifactVersionDependencyVersionTests" time="0.0"/>
  <testcase name="isSameMajorAndNewerThanWhenPatchIsNewerShouldReturnTrue()" classname="org.springframework.boot.build.bom.bomr.version.ArtifactVersionDependencyVersionTests" time="0.0"/>
  <testcase name="isSameMinorAndNewerThanWhenMajorIsNewerShouldReturnFalse()" classname="org.springframework.boot.build.bom.bomr.version.ArtifactVersionDependencyVersionTests" time="0.001"/>
  <testcase name="isSameMajorAndNewerThanWhenMinorIsOlderShouldReturnTrue()" classname="org.springframework.boot.build.bom.bomr.version.ArtifactVersionDependencyVersionTests" time="0.0"/>
  <testcase name="isSameMinorAndNewerThanWhenMinorIsOlderShouldReturnFalse()" classname="org.springframework.boot.build.bom.bomr.version.ArtifactVersionDependencyVersionTests" time="0.001"/>
  <testcase name="isSameMajorAndNewerThanWhenMajorIsNewerShouldReturnFalse()" classname="org.springframework.boot.build.bom.bomr.version.ArtifactVersionDependencyVersionTests" time="0.0"/>
  <system-out><![CDATA[]]></system-out>
  <system-err><![CDATA[]]></system-err>
</testsuite>
