<?xml version="1.0" encoding="UTF-8"?>
<testsuite name="org.springframework.boot.build.artifactory.ArtifactoryRepositoryTests" tests="4" skipped="0" failures="0" errors="0" timestamp="2021-05-20T05:45:11" hostname="e0c1209b-c195-482a-5631-737c2f0472a1" time="4.096">
  <properties/>
  <testcase name="whenProjectVersionIsMilestoneThenRepositoryIsMilestone()" classname="org.springframework.boot.build.artifactory.ArtifactoryRepositoryTests" time="4.08"/>
  <testcase name="whenProjectVersionIsReleaseCandidateThenRepositoryIsMilestone()" classname="org.springframework.boot.build.artifactory.ArtifactoryRepositoryTests" time="0.006"/>
  <testcase name="whenProjectVersionIsReleaseThenRepositoryIsRelease()" classname="org.springframework.boot.build.artifactory.ArtifactoryRepositoryTests" time="0.005"/>
  <testcase name="whenProjectVersionIsSnapshotThenRepositoryIsSnapshot()" classname="org.springframework.boot.build.artifactory.ArtifactoryRepositoryTests" time="0.005"/>
  <system-out><![CDATA[]]></system-out>
  <system-err><![CDATA[]]></system-err>
</testsuite>
