<?xml version="1.0" encoding="UTF-8"?>
<testsuite name="org.springframework.boot.build.ConventionsPluginTests" tests="5" skipped="0" failures="0" errors="0" timestamp="2021-05-20T05:44:55" hostname="e0c1209b-c195-482a-5631-737c2f0472a1" time="1.668">
  <properties/>
  <testcase name="testRetryIsConfiguredWithZeroRetriesLocally()" classname="org.springframework.boot.build.ConventionsPluginTests" time="0.626"/>
  <testcase name="testRetryIsConfiguredWithThreeRetriesOnCI()" classname="org.springframework.boot.build.ConventionsPluginTests" time="0.14"/>
  <testcase name="javadocJarIsBuilt()" classname="org.springframework.boot.build.ConventionsPluginTests" time="0.513"/>
  <testcase name="jarIncludesLegalFiles()" classname="org.springframework.boot.build.ConventionsPluginTests" time="0.207"/>
  <testcase name="sourceJarIsBuilt()" classname="org.springframework.boot.build.ConventionsPluginTests" time="0.18"/>
  <system-out><![CDATA[]]></system-out>
  <system-err><![CDATA[]]></system-err>
</testsuite>
