<?xml version="1.0" encoding="UTF-8"?>
<testsuite name="org.springframework.boot.build.bom.bomr.version.CalendarVersionDependencyVersionTests" tests="20" skipped="0" failures="0" errors="0" timestamp="2021-05-20T05:45:10" hostname="e0c1209b-c195-482a-5631-737c2f0472a1" time="0.008">
  <properties/>
  <testcase name="isNewerThanWhenInputIsOlderMinorShouldReturnTrue()" classname="org.springframework.boot.build.bom.bomr.version.CalendarVersionDependencyVersionTests" time="0.0"/>
  <testcase name="isSameMinorAndNewerThanWhenMinorIsNewerShouldReturnFalse()" classname="org.springframework.boot.build.bom.bomr.version.CalendarVersionDependencyVersionTests" time="0.0"/>
  <testcase name="isSameMinorAndNewerThanWhenMicroIsNewerShouldReturnFalse()" classname="org.springframework.boot.build.bom.bomr.version.CalendarVersionDependencyVersionTests" time="0.0"/>
  <testcase name="isSameMajorAndNewerThanWhenMicroIsNewerShouldReturnTrue()" classname="org.springframework.boot.build.bom.bomr.version.CalendarVersionDependencyVersionTests" time="0.0"/>
  <testcase name="isSameMajorAndNewerThanWhenMinorIsNewerShouldReturnFalse()" classname="org.springframework.boot.build.bom.bomr.version.CalendarVersionDependencyVersionTests" time="0.0"/>
  <testcase name="isNewerThanWhenInputIsEarlierYearShouldReturnTrue()" classname="org.springframework.boot.build.bom.bomr.version.CalendarVersionDependencyVersionTests" time="0.0"/>
  <testcase name="calendarVersionIsNotSameMajorAsReleaseTrainVersion()" classname="org.springframework.boot.build.bom.bomr.version.CalendarVersionDependencyVersionTests" time="0.0"/>
  <testcase name="isSameMinorAndNewerThanWhenVersionsAreTheSameShouldReturnFalse()" classname="org.springframework.boot.build.bom.bomr.version.CalendarVersionDependencyVersionTests" time="0.001"/>
  <testcase name="calendarVersionIsNotSameMinorAsReleaseTrainVersion()" classname="org.springframework.boot.build.bom.bomr.version.CalendarVersionDependencyVersionTests" time="0.0"/>
  <testcase name="isSameMajorAndNewerThanWhenMajorIsOlderShouldReturnFalse()" classname="org.springframework.boot.build.bom.bomr.version.CalendarVersionDependencyVersionTests" time="0.001"/>
  <testcase name="isNewerThanWhenInputIsOlderMicroShouldReturnTrue()" classname="org.springframework.boot.build.bom.bomr.version.CalendarVersionDependencyVersionTests" time="0.0"/>
  <testcase name="parseWhenVersionIsACalendarVersionShouldReturnAVersion()" classname="org.springframework.boot.build.bom.bomr.version.CalendarVersionDependencyVersionTests" time="0.0"/>
  <testcase name="calendarVersionIsNewerThanReleaseTrainVersion()" classname="org.springframework.boot.build.bom.bomr.version.CalendarVersionDependencyVersionTests" time="0.0"/>
  <testcase name="isSameMinorAndNewerThanWhenMajorIsNewerShouldReturnFalse()" classname="org.springframework.boot.build.bom.bomr.version.CalendarVersionDependencyVersionTests" time="0.0"/>
  <testcase name="isSameMajorAndNewerThanWhenMinorIsOlderShouldReturnTrue()" classname="org.springframework.boot.build.bom.bomr.version.CalendarVersionDependencyVersionTests" time="0.001"/>
  <testcase name="isSameMinorAndNewerThanWhenMinorIsOlderShouldReturnFalse()" classname="org.springframework.boot.build.bom.bomr.version.CalendarVersionDependencyVersionTests" time="0.0"/>
  <testcase name="isSameMajorAndNewerThanWhenMajorIsNewerShouldReturnFalse()" classname="org.springframework.boot.build.bom.bomr.version.CalendarVersionDependencyVersionTests" time="0.0"/>
  <testcase name="parseWhenVersionIsNotACalendarVersionShouldReturnNull()" classname="org.springframework.boot.build.bom.bomr.version.CalendarVersionDependencyVersionTests" time="0.0"/>
  <testcase name="isSameMinorAndNewerThanWhenMicroIsOlderShouldReturnTrue()" classname="org.springframework.boot.build.bom.bomr.version.CalendarVersionDependencyVersionTests" time="0.0"/>
  <testcase name="isNewerThanWhenInputIsLaterYearShouldReturnFalse()" classname="org.springframework.boot.build.bom.bomr.version.CalendarVersionDependencyVersionTests" time="0.0"/>
  <system-out><![CDATA[]]></system-out>
  <system-err><![CDATA[]]></system-err>
</testsuite>
