<?xml version="1.0" encoding="UTF-8"?>
<testsuite name="org.springframework.boot.build.context.properties.SingleRowTests" tests="7" skipped="0" failures="0" errors="0" timestamp="2021-05-20T05:45:09" hostname="e0c1209b-c195-482a-5631-737c2f0472a1" time="0.006">
  <properties/>
  <testcase name="mapProperty()" classname="org.springframework.boot.build.context.properties.SingleRowTests" time="0.002"/>
  <testcase name="defaultValueWithBackslash()" classname="org.springframework.boot.build.context.properties.SingleRowTests" time="0.001"/>
  <testcase name="listProperty()" classname="org.springframework.boot.build.context.properties.SingleRowTests" time="0.001"/>
  <testcase name="simpleProperty()" classname="org.springframework.boot.build.context.properties.SingleRowTests" time="0.0"/>
  <testcase name="defaultValueWithPipes()" classname="org.springframework.boot.build.context.properties.SingleRowTests" time="0.0"/>
  <testcase name="descriptionWithPipe()" classname="org.springframework.boot.build.context.properties.SingleRowTests" time="0.0"/>
  <testcase name="noDefaultValue()" classname="org.springframework.boot.build.context.properties.SingleRowTests" time="0.0"/>
  <system-out><![CDATA[]]></system-out>
  <system-err><![CDATA[]]></system-err>
</testsuite>
