<?xml version="1.0" encoding="UTF-8"?>
<testsuite name="org.springframework.boot.build.bom.bomr.UpgradeApplicatorTests" tests="2" skipped="0" failures="0" errors="0" timestamp="2021-05-20T05:45:10" hostname="e0c1209b-c195-482a-5631-737c2f0472a1" time="0.011">
  <properties/>
  <testcase name="whenUpgradeIsAppliedToLibraryWithVersionThenBomIsUpdated()" classname="org.springframework.boot.build.bom.bomr.UpgradeApplicatorTests" time="0.005"/>
  <testcase name="whenUpgradeIsAppliedToLibraryWithVersionPropertyThenGradlePropertiesIsUpdated()" classname="org.springframework.boot.build.bom.bomr.UpgradeApplicatorTests" time="0.006"/>
  <system-out><![CDATA[]]></system-out>
  <system-err><![CDATA[]]></system-err>
</testsuite>
