<?xml version="1.0" encoding="UTF-8"?>
<testsuite name="org.springframework.boot.build.testing.TestFailuresPluginIntegrationTests" tests="4" skipped="0" failures="0" errors="0" timestamp="2021-05-20T05:44:56" hostname="e0c1209b-c195-482a-5631-737c2f0472a1" time="12.702">
  <properties/>
  <testcase name="multiProjectParallel()" classname="org.springframework.boot.build.testing.TestFailuresPluginIntegrationTests" time="9.067"/>
  <testcase name="multiProjectContinue()" classname="org.springframework.boot.build.testing.TestFailuresPluginIntegrationTests" time="1.793"/>
  <testcase name="singleProject()" classname="org.springframework.boot.build.testing.TestFailuresPluginIntegrationTests" time="0.856"/>
  <testcase name="multiProject()" classname="org.springframework.boot.build.testing.TestFailuresPluginIntegrationTests" time="0.983"/>
  <system-out><![CDATA[]]></system-out>
  <system-err><![CDATA[]]></system-err>
</testsuite>
