<?xml version="1.0" encoding="UTF-8"?>
<testsuite name="org.springframework.boot.build.bom.BomPluginIntegrationTests" tests="5" skipped="0" failures="0" errors="0" timestamp="2021-05-20T05:45:10" hostname="e0c1209b-c195-482a-5631-737c2f0472a1" time="0.974">
  <properties/>
  <testcase name="libraryNamedSpringBootHasNoVersionProperty()" classname="org.springframework.boot.build.bom.BomPluginIntegrationTests" time="0.536"/>
  <testcase name="libraryPluginsAreIncludedInPluginManagementOfGeneratedPom()" classname="org.springframework.boot.build.bom.BomPluginIntegrationTests" time="0.124"/>
  <testcase name="libraryModulesAreIncludedInDependencyManagementOfGeneratedPom()" classname="org.springframework.boot.build.bom.BomPluginIntegrationTests" time="0.103"/>
  <testcase name="moduleExclusionsAreIncludedInDependencyManagementOfGeneratedPom()" classname="org.springframework.boot.build.bom.BomPluginIntegrationTests" time="0.112"/>
  <testcase name="libraryImportsAreIncludedInDependencyManagementOfGeneratedPom()" classname="org.springframework.boot.build.bom.BomPluginIntegrationTests" time="0.097"/>
  <system-out><![CDATA[]]></system-out>
  <system-err><![CDATA[]]></system-err>
</testsuite>
